2020-03-03 15:24:21,907 [Worker-4: Loading available Gradle versions] INFO  o.e.b.c.i.u.g.PublishedGradleVersions - Gradle version information cache is up-to-date. Trying to read.
2020-03-03 15:25:25,123 [Worker-3: Update Maven projects configuration] INFO  o.e.m.c.i.p.ProjectConfigurationManager - Update started
2020-03-03 15:25:39,425 [Worker-3: Update Maven projects configuration] INFO  o.e.m.j.i.AbstractJavaProjectConfigurator - Adding source folder /spring-intro-mvc-xml/src/main/java
2020-03-03 15:25:39,427 [Worker-3: Update Maven projects configuration] INFO  o.e.m.j.i.AbstractJavaProjectConfigurator - Adding source folder /spring-intro-mvc-xml/src/test/java
2020-03-03 15:25:40,899 [Worker-6: Building workspace] WARN  o.e.m.c.i.embedder.EclipseLogger - Using platform encoding (Cp1252 actually) to copy filtered resources, i.e. build is platform dependent!
2020-03-03 15:25:40,912 [Worker-6: Building workspace] INFO  o.e.m.c.i.embedder.EclipseLogger - skip non existing resourceDirectory C:\Users\shady\Desktop\learning\190826-Java-USF\Week 6 - Spring\workspace\spring-intro-mvc-xml\src\main\resources
2020-03-03 15:25:40,916 [Worker-6: Building workspace] WARN  o.e.m.c.i.embedder.EclipseLogger - Using platform encoding (Cp1252 actually) to copy filtered resources, i.e. build is platform dependent!
2020-03-03 15:25:40,926 [Worker-6: Building workspace] INFO  o.e.m.c.i.embedder.EclipseLogger - skip non existing resourceDirectory C:\Users\shady\Desktop\learning\190826-Java-USF\Week 6 - Spring\workspace\spring-intro-mvc-xml\src\test\resources
2020-03-03 15:25:45,247 [Worker-5: Building workspace] WARN  o.e.m.c.i.embedder.EclipseLogger - Using platform encoding (Cp1252 actually) to copy filtered resources, i.e. build is platform dependent!
2020-03-03 15:25:45,261 [Worker-5: Building workspace] INFO  o.e.m.c.i.embedder.EclipseLogger - skip non existing resourceDirectory C:\Users\shady\Desktop\learning\190826-Java-USF\Week 6 - Spring\workspace\spring-intro-mvc-xml\src\main\resources
2020-03-03 15:25:45,263 [Worker-5: Building workspace] WARN  o.e.m.c.i.embedder.EclipseLogger - Using platform encoding (Cp1252 actually) to copy filtered resources, i.e. build is platform dependent!
2020-03-03 15:25:45,276 [Worker-5: Building workspace] INFO  o.e.m.c.i.embedder.EclipseLogger - skip non existing resourceDirectory C:\Users\shady\Desktop\learning\190826-Java-USF\Week 6 - Spring\workspace\spring-intro-mvc-xml\src\test\resources
2020-03-03 15:25:47,444 [Worker-3: Update Maven projects configuration] INFO  o.e.m.c.i.p.ProjectConfigurationManager - Update completed: 22 sec
2020-03-03 15:25:49,153 [Worker-7: Building workspace] WARN  o.e.m.c.i.embedder.EclipseLogger - Using platform encoding (Cp1252 actually) to copy filtered resources, i.e. build is platform dependent!
2020-03-03 15:25:49,172 [Worker-7: Building workspace] INFO  o.e.m.c.i.embedder.EclipseLogger - skip non existing resourceDirectory C:\Users\shady\Desktop\learning\190826-Java-USF\Week 6 - Spring\workspace\spring-intro-mvc-xml\src\main\resources
2020-03-03 15:25:49,176 [Worker-7: Building workspace] WARN  o.e.m.c.i.embedder.EclipseLogger - Using platform encoding (Cp1252 actually) to copy filtered resources, i.e. build is platform dependent!
2020-03-03 15:25:49,198 [Worker-7: Building workspace] INFO  o.e.m.c.i.embedder.EclipseLogger - skip non existing resourceDirectory C:\Users\shady\Desktop\learning\190826-Java-USF\Week 6 - Spring\workspace\spring-intro-mvc-xml\src\test\resources
2020-03-03 15:26:02,819 [Worker-3: Update Maven projects configuration] INFO  o.e.m.c.i.p.ProjectConfigurationManager - Update started
2020-03-03 15:26:03,475 [Worker-3: Update Maven projects configuration] INFO  o.e.m.c.i.l.LifecycleMappingFactory - Using org.eclipse.m2e.jdt.JarLifecycleMapping lifecycle mapping for MavenProject: com.revature:spring-intro-component-scan-java:0.0.1-SNAPSHOT @ C:\Users\shady\Desktop\learning\190826-Java-USF\Week 6 - Spring\workspace\spring-intro-component-scan-java\pom.xml.
2020-03-03 15:26:04,259 [Worker-3: Update Maven projects configuration] INFO  o.e.m.j.i.AbstractJavaProjectConfigurator - Adding source folder /spring-intro-component-scan-java/src/main/java
2020-03-03 15:26:04,260 [Worker-3: Update Maven projects configuration] INFO  o.e.m.j.i.AbstractJavaProjectConfigurator - Adding source folder /spring-intro-component-scan-java/src/test/java
2020-03-03 15:26:05,070 [Worker-3: Update Maven projects configuration] INFO  o.e.m.c.i.p.ProjectConfigurationManager - Update completed: 2 sec
2020-03-03 15:26:05,430 [Worker-8: Building workspace] WARN  o.e.m.c.i.embedder.EclipseLogger - Using platform encoding (Cp1252 actually) to copy filtered resources, i.e. build is platform dependent!
2020-03-03 15:26:05,445 [Worker-8: Building workspace] INFO  o.e.m.c.i.embedder.EclipseLogger - skip non existing resourceDirectory C:\Users\shady\Desktop\learning\190826-Java-USF\Week 6 - Spring\workspace\spring-intro-component-scan-java\src\main\resources
2020-03-03 15:26:05,447 [Worker-8: Building workspace] WARN  o.e.m.c.i.embedder.EclipseLogger - Using platform encoding (Cp1252 actually) to copy filtered resources, i.e. build is platform dependent!
2020-03-03 15:26:05,467 [Worker-8: Building workspace] INFO  o.e.m.c.i.embedder.EclipseLogger - skip non existing resourceDirectory C:\Users\shady\Desktop\learning\190826-Java-USF\Week 6 - Spring\workspace\spring-intro-component-scan-java\src\test\resources
2020-03-03 15:26:52,118 [Worker-3: Updating Maven Project] INFO  o.e.m.c.i.p.ProjectConfigurationManager - Update started
2020-03-03 15:26:52,457 [Worker-3: Updating Maven Project] INFO  o.e.m.c.i.l.LifecycleMappingFactory - Using org.maven.ide.eclipse.wtp.WarLifecycleMapping lifecycle mapping for MavenProject: com.revature:spring-intro-mvc-xml:0.0.1-SNAPSHOT @ C:\Users\shady\Desktop\learning\190826-Java-USF\Week 6 - Spring\workspace\spring-intro-mvc-xml\pom.xml.
2020-03-03 15:26:53,810 [Worker-3: Updating Maven Project] INFO  o.e.m.j.i.AbstractJavaProjectConfigurator - Adding source folder /spring-intro-mvc-xml/src/main/java
2020-03-03 15:26:53,811 [Worker-3: Updating Maven Project] INFO  o.e.m.j.i.AbstractJavaProjectConfigurator - Adding source folder /spring-intro-mvc-xml/src/test/java
2020-03-03 15:26:54,456 [Worker-3: Updating Maven Project] INFO  o.e.m.w.i.f.ResourceFilteringBuildParticipant - Cleaning filtered folder for spring-intro-mvc-xml
2020-03-03 15:26:54,471 [Worker-3: Updating Maven Project] INFO  o.e.m.c.i.p.ProjectConfigurationManager - Update completed: 2 sec
2020-03-03 15:26:54,949 [Worker-5: Building workspace] WARN  o.e.m.c.i.embedder.EclipseLogger - Using platform encoding (Cp1252 actually) to copy filtered resources, i.e. build is platform dependent!
2020-03-03 15:26:54,959 [Worker-5: Building workspace] INFO  o.e.m.c.i.embedder.EclipseLogger - skip non existing resourceDirectory C:\Users\shady\Desktop\learning\190826-Java-USF\Week 6 - Spring\workspace\spring-intro-mvc-xml\src\main\resources
2020-03-03 15:26:54,962 [Worker-5: Building workspace] WARN  o.e.m.c.i.embedder.EclipseLogger - Using platform encoding (Cp1252 actually) to copy filtered resources, i.e. build is platform dependent!
2020-03-03 15:26:54,974 [Worker-5: Building workspace] INFO  o.e.m.c.i.embedder.EclipseLogger - skip non existing resourceDirectory C:\Users\shady\Desktop\learning\190826-Java-USF\Week 6 - Spring\workspace\spring-intro-mvc-xml\src\test\resources
2020-03-03 15:26:54,975 [Worker-5: Building workspace] INFO  o.e.m.w.i.f.ResourceFilteringBuildParticipant - Changed resources require a complete clean of filtered resources of spring-intro-mvc-xml
2020-03-03 15:26:54,976 [Worker-5: Building workspace] INFO  o.e.m.w.i.f.ResourceFilteringBuildParticipant - Executing resource filtering for spring-intro-mvc-xml
2020-03-03 15:26:54,985 [Worker-5: Building workspace] WARN  o.e.m.c.i.embedder.EclipseLogger - Using platform encoding (Cp1252 actually) to copy filtered resources, i.e. build is platform dependent!
2020-03-03 15:27:42,003 [Worker-2: Update Maven projects configuration] INFO  o.e.m.c.i.p.ProjectConfigurationManager - Update started
2020-03-03 15:27:42,295 [Worker-2: Update Maven projects configuration] INFO  o.e.m.c.i.l.LifecycleMappingFactory - Using org.maven.ide.eclipse.wtp.WarLifecycleMapping lifecycle mapping for MavenProject: com.revature:spring-intro-mvc-java:0.0.1-SNAPSHOT @ C:\Users\shady\Desktop\learning\190826-Java-USF\Week 6 - Spring\workspace\spring-intro-mvc-java\pom.xml.
2020-03-03 15:27:43,018 [Worker-2: Update Maven projects configuration] INFO  o.e.m.j.i.AbstractJavaProjectConfigurator - Adding source folder /spring-intro-mvc-java/src/main/java
2020-03-03 15:27:43,027 [Worker-2: Update Maven projects configuration] INFO  o.e.m.j.i.AbstractJavaProjectConfigurator - Adding source folder /spring-intro-mvc-java/src/test/java
2020-03-03 15:27:44,684 [Worker-2: Update Maven projects configuration] INFO  o.e.m.c.i.p.ProjectConfigurationManager - Update completed: 2 sec
2020-03-03 15:27:44,962 [Worker-3: Building workspace] WARN  o.e.m.c.i.embedder.EclipseLogger - Using platform encoding (Cp1252 actually) to copy filtered resources, i.e. build is platform dependent!
2020-03-03 15:27:44,974 [Worker-3: Building workspace] INFO  o.e.m.c.i.embedder.EclipseLogger - skip non existing resourceDirectory C:\Users\shady\Desktop\learning\190826-Java-USF\Week 6 - Spring\workspace\spring-intro-mvc-java\src\main\resources
2020-03-03 15:27:44,976 [Worker-3: Building workspace] WARN  o.e.m.c.i.embedder.EclipseLogger - Using platform encoding (Cp1252 actually) to copy filtered resources, i.e. build is platform dependent!
2020-03-03 15:27:44,987 [Worker-3: Building workspace] INFO  o.e.m.c.i.embedder.EclipseLogger - skip non existing resourceDirectory C:\Users\shady\Desktop\learning\190826-Java-USF\Week 6 - Spring\workspace\spring-intro-mvc-java\src\test\resources
2020-03-03 15:27:45,313 [Worker-1: Building workspace] WARN  o.e.m.c.i.embedder.EclipseLogger - Using platform encoding (Cp1252 actually) to copy filtered resources, i.e. build is platform dependent!
2020-03-03 15:27:45,327 [Worker-1: Building workspace] INFO  o.e.m.c.i.embedder.EclipseLogger - skip non existing resourceDirectory C:\Users\shady\Desktop\learning\190826-Java-USF\Week 6 - Spring\workspace\spring-intro-mvc-java\src\main\resources
2020-03-03 15:27:45,329 [Worker-1: Building workspace] WARN  o.e.m.c.i.embedder.EclipseLogger - Using platform encoding (Cp1252 actually) to copy filtered resources, i.e. build is platform dependent!
2020-03-03 15:27:45,345 [Worker-1: Building workspace] INFO  o.e.m.c.i.embedder.EclipseLogger - skip non existing resourceDirectory C:\Users\shady\Desktop\learning\190826-Java-USF\Week 6 - Spring\workspace\spring-intro-mvc-java\src\test\resources
2020-03-03 15:28:06,074 [Worker-8: Update Maven projects configuration] INFO  o.e.m.c.i.p.ProjectConfigurationManager - Update started
2020-03-03 15:28:06,475 [Worker-8: Update Maven projects configuration] INFO  o.e.m.c.i.l.LifecycleMappingFactory - Using org.eclipse.m2e.jdt.JarLifecycleMapping lifecycle mapping for MavenProject: com.revature:spring-intro-java-config:0.0.1-SNAPSHOT @ C:\Users\shady\Desktop\learning\190826-Java-USF\Week 6 - Spring\workspace\spring-intro-java-config\pom.xml.
2020-03-03 15:28:06,855 [Worker-8: Update Maven projects configuration] INFO  o.e.m.j.i.AbstractJavaProjectConfigurator - Adding source folder /spring-intro-java-config/src/main/java
2020-03-03 15:28:06,857 [Worker-8: Update Maven projects configuration] INFO  o.e.m.j.i.AbstractJavaProjectConfigurator - Adding source folder /spring-intro-java-config/src/test/java
2020-03-03 15:28:07,204 [Worker-8: Update Maven projects configuration] INFO  o.e.m.c.i.p.ProjectConfigurationManager - Update completed: 1 sec
2020-03-03 15:28:07,529 [Worker-4: Building workspace] WARN  o.e.m.c.i.embedder.EclipseLogger - Using platform encoding (Cp1252 actually) to copy filtered resources, i.e. build is platform dependent!
2020-03-03 15:28:07,538 [Worker-4: Building workspace] INFO  o.e.m.c.i.embedder.EclipseLogger - skip non existing resourceDirectory C:\Users\shady\Desktop\learning\190826-Java-USF\Week 6 - Spring\workspace\spring-intro-java-config\src\main\resources
2020-03-03 15:28:07,540 [Worker-4: Building workspace] WARN  o.e.m.c.i.embedder.EclipseLogger - Using platform encoding (Cp1252 actually) to copy filtered resources, i.e. build is platform dependent!
2020-03-03 15:28:07,551 [Worker-4: Building workspace] INFO  o.e.m.c.i.embedder.EclipseLogger - skip non existing resourceDirectory C:\Users\shady\Desktop\learning\190826-Java-USF\Week 6 - Spring\workspace\spring-intro-java-config\src\test\resources
2020-03-03 15:30:09,098 [Worker-5: Update Maven projects configuration] INFO  o.e.m.c.i.p.ProjectConfigurationManager - Update started
2020-03-03 15:30:09,412 [Worker-5: Update Maven projects configuration] INFO  o.e.m.c.i.l.LifecycleMappingFactory - Using org.eclipse.m2e.jdt.JarLifecycleMapping lifecycle mapping for MavenProject: com.revature:spring-bean-lifecycle:0.0.1-SNAPSHOT @ C:\Users\shady\Desktop\learning\190826-Java-USF\Week 6 - Spring\workspace\spring-bean-lifecycle\pom.xml.
2020-03-03 15:30:09,851 [Worker-5: Update Maven projects configuration] INFO  o.e.m.j.i.AbstractJavaProjectConfigurator - Adding source folder /spring-bean-lifecycle/src/main/java
2020-03-03 15:30:09,853 [Worker-5: Update Maven projects configuration] INFO  o.e.m.j.i.AbstractJavaProjectConfigurator - Adding source folder /spring-bean-lifecycle/src/test/java
2020-03-03 15:30:10,290 [Worker-5: Update Maven projects configuration] INFO  o.e.m.c.i.p.ProjectConfigurationManager - Update completed: 1 sec
2020-03-03 15:30:10,602 [Worker-1: Building workspace] WARN  o.e.m.c.i.embedder.EclipseLogger - Using platform encoding (Cp1252 actually) to copy filtered resources, i.e. build is platform dependent!
2020-03-03 15:30:10,616 [Worker-1: Building workspace] INFO  o.e.m.c.i.embedder.EclipseLogger - skip non existing resourceDirectory C:\Users\shady\Desktop\learning\190826-Java-USF\Week 6 - Spring\workspace\spring-bean-lifecycle\src\main\resources
2020-03-03 15:30:10,618 [Worker-1: Building workspace] WARN  o.e.m.c.i.embedder.EclipseLogger - Using platform encoding (Cp1252 actually) to copy filtered resources, i.e. build is platform dependent!
2020-03-03 15:30:10,632 [Worker-1: Building workspace] INFO  o.e.m.c.i.embedder.EclipseLogger - skip non existing resourceDirectory C:\Users\shady\Desktop\learning\190826-Java-USF\Week 6 - Spring\workspace\spring-bean-lifecycle\src\test\resources
2020-03-03 15:31:56,672 [Worker-12: Building workspace] INFO  o.e.m.c.i.l.LifecycleMappingFactory - Using org.maven.ide.eclipse.wtp.WarLifecycleMapping lifecycle mapping for MavenProject: com.revature:spring-intro-mvc-java:0.0.1-SNAPSHOT @ C:\Users\shady\Desktop\learning\190826-Java-USF\Week 6 - Spring\workspace\spring-intro-mvc-java\pom.xml.
2020-03-03 15:31:57,630 [Worker-12: Building workspace] WARN  o.e.m.c.i.embedder.EclipseLogger - Using platform encoding (Cp1252 actually) to copy filtered resources, i.e. build is platform dependent!
2020-03-03 15:31:57,643 [Worker-12: Building workspace] INFO  o.e.m.c.i.embedder.EclipseLogger - skip non existing resourceDirectory C:\Users\shady\Desktop\learning\190826-Java-USF\Week 6 - Spring\workspace\spring-intro-mvc-java\src\main\resources
2020-03-03 15:31:57,644 [Worker-12: Building workspace] WARN  o.e.m.c.i.embedder.EclipseLogger - Using platform encoding (Cp1252 actually) to copy filtered resources, i.e. build is platform dependent!
2020-03-03 15:31:57,657 [Worker-12: Building workspace] INFO  o.e.m.c.i.embedder.EclipseLogger - skip non existing resourceDirectory C:\Users\shady\Desktop\learning\190826-Java-USF\Week 6 - Spring\workspace\spring-intro-mvc-java\src\test\resources
2020-03-03 15:31:57,659 [Worker-12: Building workspace] INFO  o.e.m.w.i.f.ResourceFilteringBuildParticipant - Changed resources require a complete clean of filtered resources of spring-intro-mvc-java
2020-03-03 15:31:57,659 [Worker-12: Building workspace] INFO  o.e.m.w.i.f.ResourceFilteringBuildParticipant - Executing resource filtering for spring-intro-mvc-java
2020-03-03 15:31:57,663 [Worker-12: Building workspace] WARN  o.e.m.c.i.embedder.EclipseLogger - Using platform encoding (Cp1252 actually) to copy filtered resources, i.e. build is platform dependent!
2020-03-03 16:07:33,262 [Worker-24: Building workspace] WARN  o.e.m.c.i.embedder.EclipseLogger - Using platform encoding (Cp1252 actually) to copy filtered resources, i.e. build is platform dependent!
2020-03-03 16:07:33,280 [Worker-24: Building workspace] INFO  o.e.m.c.i.embedder.EclipseLogger - skip non existing resourceDirectory C:\Users\shady\Desktop\learning\190826-Java-USF\Week 6 - Spring\workspace\spring-intro-mvc-java\src\main\resources
2020-03-03 16:07:33,282 [Worker-24: Building workspace] WARN  o.e.m.c.i.embedder.EclipseLogger - Using platform encoding (Cp1252 actually) to copy filtered resources, i.e. build is platform dependent!
2020-03-03 16:07:33,299 [Worker-24: Building workspace] INFO  o.e.m.c.i.embedder.EclipseLogger - skip non existing resourceDirectory C:\Users\shady\Desktop\learning\190826-Java-USF\Week 6 - Spring\workspace\spring-intro-mvc-java\src\test\resources
2020-03-03 16:07:46,906 [Worker-23: Building workspace] WARN  o.e.m.c.i.embedder.EclipseLogger - Using platform encoding (Cp1252 actually) to copy filtered resources, i.e. build is platform dependent!
2020-03-03 16:07:46,916 [Worker-23: Building workspace] INFO  o.e.m.c.i.embedder.EclipseLogger - skip non existing resourceDirectory C:\Users\shady\Desktop\learning\190826-Java-USF\Week 6 - Spring\workspace\spring-intro-mvc-java\src\main\resources
2020-03-03 16:07:46,917 [Worker-23: Building workspace] WARN  o.e.m.c.i.embedder.EclipseLogger - Using platform encoding (Cp1252 actually) to copy filtered resources, i.e. build is platform dependent!
2020-03-03 16:07:46,930 [Worker-23: Building workspace] INFO  o.e.m.c.i.embedder.EclipseLogger - skip non existing resourceDirectory C:\Users\shady\Desktop\learning\190826-Java-USF\Week 6 - Spring\workspace\spring-intro-mvc-java\src\test\resources
2020-03-03 16:28:56,321 [Worker-41: reload maven project] INFO  o.e.m.c.i.e.AbstractTransferListenerAdapter - Downloaded https://repo.maven.apache.org/maven2/org/apache/maven/scm/maven-scm-provider-gitexe/1.9.1/maven-scm-provider-gitexe-1.9.1.pom
2020-03-03 16:28:56,393 [Worker-41: reload maven project] WARN  o.e.m.c.i.embedder.EclipseLogger - Failed to build parent project for com.fasterxml.jackson:jackson-parent:pom:2.9.1.1
2020-03-03 16:28:56,415 [Worker-41: reload maven project] WARN  o.e.m.c.i.embedder.EclipseLogger - Failed to build parent project for com.fasterxml.jackson:jackson-bom:pom:2.9.6
2020-03-03 16:28:56,435 [Worker-41: reload maven project] WARN  o.e.m.c.i.embedder.EclipseLogger - Failed to build parent project for com.fasterxml.jackson:jackson-base:pom:2.9.6
2020-03-03 16:28:56,455 [Worker-41: reload maven project] WARN  o.e.m.c.i.embedder.EclipseLogger - Failed to build parent project for com.fasterxml.jackson.core:jackson-core:bundle:2.9.6
